
> n8n-monorepo@2.10.0 start /home/bashar/claudeProjects/n8n
> node scripts/os-normalize.mjs --dir packages/cli/bin n8n

$ cd packages/cli/bin
$ Running (dir: packages/cli/bin) ./n8n 
$ ./n8n 
Initializing n8n process
n8n ready on ::, port 5678
n8n Task Broker ready on 127.0.0.1, port 5679
Failed to start Python task runner in internal mode. because its virtual environment is missing from this system. Launching a Python runner in internal mode is intended only for debugging and is not recommended for production. Users are encouraged to deploy in external mode. See: https://docs.n8n.io/hosting/configuration/task-runners/#setting-up-external-mode
[license SDK] Skipping renewal on init: license cert is not initialized
(node:43747) [DEP0169] DeprecationWarning: `url.parse()` behavior is not standardized and prone to errors that have security implications. Use the WHATWG URL API instead. CVEs are not issued for `url.parse()` vulnerabilities.
(Use `node --trace-deprecation ...` to show where the warning was created)
Registered runner "JS Task Runner" (2OZuVHRk_5hvvknD3DFyA) 
Version: 2.10.0
Building workflow dependency index...
Start Active Workflows:
Finished building workflow dependency index. Processed 1 draft workflows, 0 published workflows.
Activated workflow "Webhook → Odoo Sale Order + Lines" (ID: w2pra3QgHCs4Oohx)

Editor is now accessible via:
http://localhost:5678
(node:43747) [DEP0060] DeprecationWarning: The `util._extend` API is deprecated. Please use Object.assign() instead.
timeout of 6000ms exceeded
Error while fetching community nodes: timeout of 6000ms exceeded
